<?xml version="1.0" encoding="UTF-8"?>
<!-- Generated by org.testng.reporters.JUnitReportReporter -->
<testsuite hostname="DESKTOP-U0KD3AK" failures="0" tests="6" name="Testcases.Logintestcases" time="9.185" errors="0" timestamp="2023-04-11T09:39:29 IST" skipped="0">
  <testcase classname="Testcases.Logintestcases" name="verifyUser" time="1.421"/>
  <system-out/>
  <testcase classname="Testcases.Logintestcases" name="verifyUser" time="1.745"/>
  <system-out/>
  <testcase classname="Testcases.Logintestcases" name="verifyUser" time="1.482"/>
  <system-out/>
  <testcase classname="Testcases.Logintestcases" name="verifyUser" time="1.779"/>
  <system-out/>
  <testcase classname="Testcases.Logintestcases" name="verifyUser" time="1.082"/>
  <system-out/>
  <testcase classname="Testcases.Logintestcases" name="verifyUser" time="1.676"/>
  <system-out/>
</testsuite> <!-- Testcases.Logintestcases -->
