<?xml version="1.0" encoding="UTF-8"?>
<!-- Generated by org.testng.reporters.JUnitReportReporter -->
<testsuite hostname="DESKTOP-U0KD3AK" failures="0" tests="5" name="Testcases.Menuicon" time="24.603" errors="0" timestamp="2023-04-11T09:39:29 IST" skipped="0">
  <testcase classname="Testcases.Menuicon" name="verifylogoutbutton" time="1.208"/>
  <system-out/>
  <testcase classname="Testcases.Menuicon" name="verifymenuicon" time="0.976"/>
  <system-out/>
  <testcase classname="Testcases.Menuicon" name="verifyaboutbutton" time="18.235"/>
  <system-out/>
  <testcase classname="Testcases.Menuicon" name="verifyallitems" time="3.163"/>
  <system-out/>
  <testcase classname="Testcases.Menuicon" name="verifyresetapp" time="1.021"/>
  <system-out/>
</testsuite> <!-- Testcases.Menuicon -->
