<?xml version="1.0" encoding="UTF-8"?>
<!-- Generated by org.testng.reporters.JUnitReportReporter -->
<testsuite hostname="DESKTOP-U0KD3AK" failures="0" tests="1" name="Testcases.Verifylogoutbutton" time="2.023" errors="0" timestamp="2023-03-31T15:02:01 IST" skipped="0">
  <testcase classname="Testcases.Verifylogoutbutton" name="logoutverify" time="2.023"/>
  <system-out/>
</testsuite> <!-- Testcases.Verifylogoutbutton -->
