<?xml version="1.0" encoding="UTF-8"?>
<!-- Generated by org.testng.reporters.JUnitReportReporter -->
<testsuite hostname="DESKTOP-U0KD3AK" failures="0" tests="3" name="Testcases.Productordertestcase" time="8.973" errors="0" timestamp="2023-04-11T09:39:29 IST" skipped="0">
  <testcase classname="Testcases.Productordertestcase" name="verifyproductorder" time="5.717"/>
  <system-out/>
  <testcase classname="Testcases.Productordertestcase" name="verifyordercancel" time="2.083"/>
  <system-out/>
  <testcase classname="Testcases.Productordertestcase" name="verifycontinueshopping" time="1.173"/>
  <system-out/>
</testsuite> <!-- Testcases.Productordertestcase -->
