<?xml version="1.0" encoding="UTF-8"?>
<!-- Generated by org.testng.reporters.JUnitReportReporter -->
<testsuite hostname="DESKTOP-U0KD3AK" failures="0" tests="1" name="Testcases.Logoutbutton" time="1.116" errors="0" timestamp="2023-04-11T09:39:29 IST" skipped="0">
  <testcase classname="Testcases.Logoutbutton" name="verifylogout" time="1.116"/>
  <system-out/>
</testsuite> <!-- Testcases.Logoutbutton -->
