<?xml version="1.0" encoding="UTF-8"?>
<!-- Generated by org.testng.reporters.JUnitReportReporter -->
<testsuite hostname="DESKTOP-U0KD3AK" failures="0" tests="1" name="Testcases.Verifycheckout" time="6.019" errors="0" timestamp="2023-03-31T16:09:55 IST" skipped="0">
  <testcase classname="Testcases.Verifycheckout" name="checkout" time="6.019"/>
  <system-out/>
</testsuite> <!-- Testcases.Verifycheckout -->
