<?xml version="1.0" encoding="UTF-8"?>
<!-- Generated by org.testng.reporters.JUnitReportReporter -->
<testsuite hostname="DESKTOP-U0KD3AK" failures="0" tests="1" name="Testcases.Verifybackbutton" time="3.374" errors="0" timestamp="2023-03-31T17:30:38 IST" skipped="0">
  <testcase classname="Testcases.Verifybackbutton" name="backbutton" time="3.374"/>
  <system-out/>
</testsuite> <!-- Testcases.Verifybackbutton -->
