<?xml version="1.0" encoding="UTF-8"?>
<!-- Generated by org.testng.reporters.JUnitReportReporter -->
<testsuite hostname="DESKTOP-U0KD3AK" failures="0" tests="1" name="Testcases.Cancelorder" time="3.853" errors="0" timestamp="2023-04-01T17:48:11 IST" skipped="0">
  <testcase classname="Testcases.Cancelorder" name="verifyordercancel" time="3.853"/>
  <system-out/>
</testsuite> <!-- Testcases.Cancelorder -->
