<?xml version="1.0" encoding="UTF-8"?>
<!-- Generated by org.testng.reporters.JUnitReportReporter -->
<testsuite hostname="DESKTOP-U0KD3AK" failures="0" tests="1" name="Testcases.Homeproduct" time="1.845" errors="0" timestamp="2023-03-26T23:58:12 IST" skipped="0">
  <testcase classname="Testcases.Homeproduct" name="home" time="1.845"/>
  <system-out/>
</testsuite> <!-- Testcases.Homeproduct -->
