<?xml version="1.0" encoding="UTF-8"?>
<!-- Generated by org.testng.reporters.JUnitReportReporter -->
<testsuite hostname="DESKTOP-U0KD3AK" failures="0" tests="6" name="Testcases.Cartinformcheck" time="17.774" errors="0" timestamp="2023-04-11T09:39:29 IST" skipped="0">
  <testcase classname="Testcases.Cartinformcheck" name="verifywithsetthreevalue" time="2.568"/>
  <system-out/>
  <testcase classname="Testcases.Cartinformcheck" name="verifywithonlysetpasscode" time="1.793"/>
  <system-out/>
  <testcase classname="Testcases.Cartinformcheck" name="verifywithblankinfo" time="7.935"/>
  <system-out/>
  <testcase classname="Testcases.Cartinformcheck" name="verifywithonlysetfirstname" time="1.776"/>
  <system-out/>
  <testcase classname="Testcases.Cartinformcheck" name="verifywithonlysetlastname" time="1.894"/>
  <system-out/>
  <testcase classname="Testcases.Cartinformcheck" name="verifywithrandomaddress" time="1.808"/>
  <system-out/>
</testsuite> <!-- Testcases.Cartinformcheck -->
