<?xml version="1.0" encoding="UTF-8"?>
<!-- Generated by org.testng.reporters.JUnitReportReporter -->
<testsuite hostname="DESKTOP-U0KD3AK" failures="0" tests="2" name="Testcases.Orderproducttestcase" time="8.319" errors="0" timestamp="2023-04-02T12:20:04 IST" skipped="0">
  <testcase classname="Testcases.Orderproducttestcase" name="verifyproductorder" time="6.696"/>
  <system-out/>
  <testcase classname="Testcases.Orderproducttestcase" name="verifyordercancel" time="1.623"/>
  <system-out/>
</testsuite> <!-- Testcases.Orderproducttestcase -->
